<?xml version="1.0" encoding="UTF-8"?>
<!-- Generated by org.testng.reporters.JUnitReportReporter -->
<testsuite hostname="sai" failures="0" tests="1" name="com.Flipkart.comTest.FlipkartDemo" time="25.770" errors="0" timestamp="16 Jul 2019 07:49:50 GMT" skipped="0">
  <testcase classname="com.Flipkart.comTest.FlipkartDemo" name="flipkart" time="25.770"/>
</testsuite> <!-- com.Flipkart.comTest.FlipkartDemo -->
