<?xml version="1.0" encoding="UTF-8"?>
<!-- Generated by org.testng.reporters.JUnitReportReporter -->
<testsuite hostname="sai" failures="0" tests="1" name="Tables.WebTables" time="17.899" errors="0" timestamp="17 Jul 2019 09:21:12 GMT" skipped="0">
  <testcase classname="Tables.WebTables" name="m1" time="17.899"/>
</testsuite> <!-- Tables.WebTables -->
