<?xml version="1.0" encoding="UTF-8"?>
<!-- Generated by org.testng.reporters.JUnitReportReporter -->
<testsuite hostname="sai" failures="0" tests="1" name="XmlFile.File2" time="0.026" errors="0" timestamp="06 Aug 2019 10:28:56 GMT" skipped="0">
  <testcase classname="XmlFile.File2" name="m3" time="0.026"/>
</testsuite> <!-- XmlFile.File2 -->
