<?xml version="1.0" encoding="UTF-8"?>
<!-- Generated by org.testng.reporters.JUnitReportReporter -->
<testsuite hostname="sai" failures="0" tests="1" name="DopdownGoogle" time="28.471" errors="0" timestamp="11 Jul 2019 10:16:40 GMT" skipped="0">
  <testcase classname="DopdownGoogle" name="m1" time="28.471"/>
</testsuite> <!-- DopdownGoogle -->
