<?xml version="1.0" encoding="UTF-8"?>
<!-- Generated by org.testng.reporters.JUnitReportReporter -->
<testsuite hostname="sai" failures="0" tests="1" name="LinksBroken_all.IsDisplayedMethod" time="25.457" errors="0" timestamp="31 Jul 2019 07:24:20 GMT" skipped="0">
  <testcase classname="LinksBroken_all.IsDisplayedMethod" name="m2" time="25.457"/>
</testsuite> <!-- LinksBroken_all.IsDisplayedMethod -->
