<?xml version="1.0" encoding="UTF-8"?>
<!-- Generated by org.testng.reporters.JUnitReportReporter -->
<testsuite hostname="sai" failures="0" tests="2" name="com.amazon.practise.Apsrtc" time="43.530" errors="0" timestamp="03 Jul 2019 17:27:55 GMT" skipped="0">
  <testcase classname="com.amazon.practise.Apsrtc" name="mr" time="43.378"/>
  <testcase classname="com.amazon.practise.Apsrtc" name="m3" time="0.152"/>
</testsuite> <!-- com.amazon.practise.Apsrtc -->
