<?xml version="1.0" encoding="UTF-8"?>
<!-- Generated by org.testng.reporters.JUnitReportReporter -->
<testsuite skipped="0" hostname="sai" name="com.Actions.keyup_keydown.KeyEvents" tests="1" failures="0" timestamp="26 May 2019 08:22:12 GMT" time="0.015" errors="1">
  <testcase name="m1" time="0.015" classname="com.Actions.keyup_keydown.KeyEvents">
    <error type="java.lang.Error" message="Unresolved compilation problems: 
	The method until(Function&lt;? super WebDriver,V&gt;) in the type FluentWait&lt;WebDriver&gt; is not applicable for the arguments (Class&lt;ExpectedConditions&gt;)
	Syntax error on token &quot;.&quot;, class expected after this token
">
      <![CDATA[java.lang.Error: Unresolved compilation problems: 
The method until(Function<? super WebDriver,V>) in the type FluentWait<WebDriver> is not applicable for the arguments (Class<ExpectedConditions>)
Syntax error on token ".", class expected after this token

at com.Actions.keyup_keydown.KeyEvents.m1(KeyEvents.java:32)
at sun.reflect.NativeMethodAccessorImpl.invoke0(Native Method)
at sun.reflect.NativeMethodAccessorImpl.invoke(Unknown Source)
at sun.reflect.DelegatingMethodAccessorImpl.invoke(Unknown Source)
at java.lang.reflect.Method.invoke(Unknown Source)
at org.testng.internal.MethodInvocationHelper.invokeMethod(MethodInvocationHelper.java:124)
at org.testng.internal.Invoker.invokeMethod(Invoker.java:583)
at org.testng.internal.Invoker.invokeTestMethod(Invoker.java:719)
at org.testng.internal.Invoker.invokeTestMethods(Invoker.java:989)
at org.testng.internal.TestMethodWorker.invokeTestMethods(TestMethodWorker.java:125)
at org.testng.internal.TestMethodWorker.run(TestMethodWorker.java:109)
at org.testng.TestRunner.privateRun(TestRunner.java:648)
at org.testng.TestRunner.run(TestRunner.java:505)
at org.testng.SuiteRunner.runTest(SuiteRunner.java:455)
at org.testng.SuiteRunner.runSequentially(SuiteRunner.java:450)
at org.testng.SuiteRunner.privateRun(SuiteRunner.java:415)
at org.testng.SuiteRunner.run(SuiteRunner.java:364)
at org.testng.SuiteRunnerWorker.runSuite(SuiteRunnerWorker.java:52)
at org.testng.SuiteRunnerWorker.run(SuiteRunnerWorker.java:84)
at org.testng.TestNG.runSuitesSequentially(TestNG.java:1208)
at org.testng.TestNG.runSuitesLocally(TestNG.java:1137)
at org.testng.TestNG.runSuites(TestNG.java:1049)
at org.testng.TestNG.run(TestNG.java:1017)
at org.testng.remote.AbstractRemoteTestNG.run(AbstractRemoteTestNG.java:115)
at org.testng.remote.RemoteTestNG.initAndRun(RemoteTestNG.java:251)
at org.testng.remote.RemoteTestNG.main(RemoteTestNG.java:77)
]]>
    </error>
  </testcase> <!-- m1 -->
</testsuite> <!-- com.Actions.keyup_keydown.KeyEvents -->
