<?xml version="1.0" encoding="UTF-8"?>
<!-- Generated by org.testng.reporters.JUnitReportReporter -->
<testsuite skipped="0" hostname="sai" name="com.DataProvider.TestCase" tests="1" failures="0" timestamp="28 May 2019 11:35:17 GMT" time="0.011" errors="0">
  <testcase name="m2" time="0.011" classname="com.DataProvider.TestCase"/>
</testsuite> <!-- com.DataProvider.TestCase -->
