<?xml version="1.0" encoding="UTF-8"?>
<!-- Generated by org.testng.reporters.JUnitReportReporter -->
<testsuite hostname="sai" failures="0" tests="1" name="FreeCrm.SignOutTest" time="12.473" errors="0" timestamp="05 Aug 2019 05:14:18 GMT" skipped="0">
  <testcase classname="FreeCrm.SignOutTest" name="enter" time="12.473"/>
</testsuite> <!-- FreeCrm.SignOutTest -->
