<?xml version="1.0" encoding="UTF-8"?>
<!-- Generated by org.testng.reporters.JUnitReportReporter -->
<testsuite hostname="sai" failures="0" tests="1" name="ExtendingReports.ExtendingReportsDemo" time="9.746" errors="0" timestamp="16 Jul 2019 08:09:01 GMT" skipped="0">
  <testcase classname="ExtendingReports.ExtendingReportsDemo" name="verifying_Title" time="9.746"/>
</testsuite> <!-- ExtendingReports.ExtendingReportsDemo -->
