<?xml version="1.0" encoding="UTF-8"?>
<!-- Generated by org.testng.reporters.JUnitReportReporter -->
<testsuite hostname="sai" failures="0" tests="2" name="com.dataprovider.DataFromProvider" time="0.022" errors="0" timestamp="15 Aug 2019 13:11:46 GMT" skipped="0">
  <testcase classname="com.dataprovider.DataFromProvider" name="m2" time="0.008"/>
  <testcase classname="com.dataprovider.DataFromProvider" name="m2" time="0.014"/>
</testsuite> <!-- com.dataprovider.DataFromProvider -->
