<?xml version="1.0" encoding="UTF-8"?>
<!-- Generated by org.testng.reporters.JUnitReportReporter -->
<testsuite skipped="0" hostname="sai" name="com.brokenLinks.BrokenLinksDemo" tests="1" failures="0" timestamp="12 Jun 2019 08:51:53 GMT" time="34.825" errors="0">
  <testcase name="m1" time="34.825" classname="com.brokenLinks.BrokenLinksDemo"/>
</testsuite> <!-- com.brokenLinks.BrokenLinksDemo -->
