<?xml version="1.0" encoding="UTF-8"?>
<!-- Generated by org.testng.reporters.JUnitReportReporter -->
<testsuite skipped="0" hostname="sai" name="com.windowsHandle.WindowHandle" tests="1" failures="0" timestamp="20 May 2019 11:58:25 GMT" time="48.765" errors="0">
  <testcase name="m1" time="48.765" classname="com.windowsHandle.WindowHandle"/>
</testsuite> <!-- com.windowsHandle.WindowHandle -->
