<?xml version="1.0" encoding="UTF-8"?>
<!-- Generated by org.testng.reporters.JUnitReportReporter -->
<testsuite hostname="sai" failures="0" tests="2" name="com.dataprovider.DataFromExcel" time="0.016" errors="0" timestamp="15 Aug 2019 10:30:27 GMT" skipped="0">
  <testcase classname="com.dataprovider.DataFromExcel" name="m2" time="0.012"/>
  <testcase classname="com.dataprovider.DataFromExcel" name="m2" time="0.004"/>
</testsuite> <!-- com.dataprovider.DataFromExcel -->
