<?xml version="1.0" encoding="UTF-8"?>
<!-- Generated by org.testng.reporters.JUnitReportReporter -->
<testsuite skipped="1" hostname="sai" name="TestCase1.TestCa" tests="1" failures="0" timestamp="21 May 2019 08:19:26 GMT" time="0.000" errors="0">
  <testcase name="m2" time="0.000" classname="TestCase1.TestCa">
    <skipped/>
  </testcase> <!-- m2 -->
</testsuite> <!-- TestCase1.TestCa -->
