<?xml version="1.0" encoding="UTF-8"?>
<!-- Generated by org.testng.reporters.JUnitReportReporter -->
<testsuite skipped="0" hostname="sai" name="com.amazon.practise.Amazon_practise" tests="1" failures="0" timestamp="07 Jun 2019 04:44:18 GMT" time="15.964" errors="0">
  <testcase name="m2" time="15.964" classname="com.amazon.practise.Amazon_practise"/>
</testsuite> <!-- com.amazon.practise.Amazon_practise -->
