<?xml version="1.0" encoding="UTF-8"?>
<!-- Generated by org.testng.reporters.JUnitReportReporter -->
<testsuite skipped="0" hostname="sai" name="com.methods.MethodsDemo" tests="1" failures="0" timestamp="28 May 2019 11:02:18 GMT" time="0.030" errors="0">
  <testcase name="m1" time="0.030" classname="com.methods.MethodsDemo"/>
</testsuite> <!-- com.methods.MethodsDemo -->
