<?xml version="1.0" encoding="UTF-8"?>
<!-- Generated by org.testng.reporters.JUnitReportReporter -->
<testsuite hostname="sai" failures="0" tests="1" name="Excution" time="0.018" errors="0" timestamp="19 Jul 2019 15:31:32 GMT" skipped="0">
  <testcase classname="Excution" name="m3" time="0.018"/>
</testsuite> <!-- Excution -->
