<?xml version="1.0" encoding="UTF-8"?>
<!-- Generated by org.testng.reporters.JUnitReportReporter -->
<testsuite hostname="sai" failures="0" tests="6" name="com.Test.Metro.MetroTesting" time="15.575" errors="0" timestamp="03 Jul 2019 15:07:53 GMT" skipped="0">
  <testcase classname="com.Test.Metro.MetroTesting" name="metro" time="10.675"/>
  <testcase classname="com.Test.Metro.MetroTesting" name="metro1" time="0.250"/>
  <testcase classname="com.Test.Metro.MetroTesting" name="metro2" time="0.145"/>
  <testcase classname="com.Test.Metro.MetroTesting" name="metro3" time="0.149"/>
  <testcase classname="com.Test.Metro.MetroTesting" name="metro4" time="1.053"/>
  <testcase classname="com.Test.Metro.MetroTesting" name="metro5" time="3.303"/>
</testsuite> <!-- com.Test.Metro.MetroTesting -->
