<?xml version="1.0" encoding="UTF-8"?>
<!-- Generated by org.testng.reporters.JUnitReportReporter -->
<testsuite skipped="0" hostname="sai" name="com.TestingTestCases.TestingTestCases" tests="2" failures="0" timestamp="12 Jun 2019 11:28:35 GMT" time="11.910" errors="0">
  <testcase name="m1" time="11.472" classname="com.TestingTestCases.TestingTestCases"/>
  <testcase name="a2" time="0.438" classname="com.TestingTestCases.TestingTestCases"/>
</testsuite> <!-- com.TestingTestCases.TestingTestCases -->
