<?xml version="1.0" encoding="UTF-8"?>
<!-- Generated by org.testng.reporters.JUnitReportReporter -->
<testsuite skipped="0" hostname="sai" name="com.Testng.TestngPractise" tests="1" failures="0" timestamp="28 May 2019 06:42:16 GMT" time="33.588" errors="0">
  <testcase name="m1" time="33.588" classname="com.Testng.TestngPractise"/>
</testsuite> <!-- com.Testng.TestngPractise -->
