<?xml version="1.0" encoding="UTF-8"?>
<!-- Generated by org.testng.reporters.JUnitReportReporter -->
<testsuite hostname="sai" failures="0" tests="1" name="RobotPackage.RobotClass" time="53.797" errors="0" timestamp="16 Aug 2019 08:24:55 GMT" skipped="0">
  <testcase classname="RobotPackage.RobotClass" name="m1" time="53.797"/>
</testsuite> <!-- RobotPackage.RobotClass -->
