<?xml version="1.0" encoding="UTF-8"?>
<!-- Generated by org.testng.reporters.JUnitReportReporter -->
<testsuite skipped="0" hostname="sai" name="com.Test.flipkart.FlipkartDemo" tests="1" failures="0" timestamp="04 Jun 2019 17:00:30 GMT" time="7.153" errors="0">
  <testcase name="user_details" time="7.153" classname="com.Test.flipkart.FlipkartDemo"/>
</testsuite> <!-- com.Test.flipkart.FlipkartDemo -->
