<?xml version="1.0" encoding="UTF-8"?>
<!-- Generated by org.testng.reporters.JUnitReportReporter -->
<testsuite hostname="sai" failures="0" tests="4" name="AutomatingFlipkart.FlipkartEnd_End" time="15.710" errors="0" timestamp="16 Jul 2019 12:26:34 GMT" skipped="0">
  <testcase classname="AutomatingFlipkart.FlipkartEnd_End" name="mobile" time="0.572"/>
  <testcase classname="AutomatingFlipkart.FlipkartEnd_End" name="next" time="1.481"/>
  <testcase classname="AutomatingFlipkart.FlipkartEnd_End" name="select" time="0.734"/>
  <testcase classname="AutomatingFlipkart.FlipkartEnd_End" name="next1" time="12.923"/>
</testsuite> <!-- AutomatingFlipkart.FlipkartEnd_End -->
