<?xml version="1.0" encoding="UTF-8"?>
<!-- Generated by org.testng.reporters.JUnitReportReporter -->
<testsuite skipped="0" hostname="sai" name="com.testng.TestngDemo" tests="1" failures="0" timestamp="18 May 2019 20:07:25 GMT" time="9.450" errors="0">
  <testcase name="m1" time="9.450" classname="com.testng.TestngDemo"/>
</testsuite> <!-- com.testng.TestngDemo -->
