<?xml version="1.0" encoding="UTF-8"?>
<!-- Generated by org.testng.reporters.JUnitReportReporter -->
<testsuite hostname="sai" failures="0" tests="1" name="com.flipkart1.FlipkartAutomation" time="61.124" errors="0" timestamp="01 Jul 2019 11:15:13 GMT" skipped="0">
  <testcase classname="com.flipkart1.FlipkartAutomation" name="m1" time="61.124"/>
</testsuite> <!-- com.flipkart1.FlipkartAutomation -->
