<?xml version="1.0" encoding="UTF-8"?>
<!-- Generated by org.testng.reporters.JUnitReportReporter -->
<testsuite skipped="0" hostname="sai" name="com.TestCase.AmazonTest" tests="1" failures="0" timestamp="20 May 2019 13:34:31 GMT" time="41.191" errors="0">
  <testcase name="prime_Videos1" time="41.191" classname="com.TestCase.AmazonTest"/>
</testsuite> <!-- com.TestCase.AmazonTest -->
