<?xml version="1.0" encoding="UTF-8"?>
<!-- Generated by org.testng.reporters.JUnitReportReporter -->
<testsuite hostname="sai" failures="0" tests="1" name="com.dataprovider.DataProviders" time="0.000" errors="0" timestamp="11 Jul 2019 09:16:36 GMT" skipped="1">
  <testcase classname="com.dataprovider.DataProviders" name="m2" time="0.000">
    <skipped/>
  </testcase> <!-- m2 -->
</testsuite> <!-- com.dataprovider.DataProviders -->
