<?xml version="1.0" encoding="UTF-8"?>
<!-- Generated by org.testng.reporters.JUnitReportReporter -->
<testsuite hostname="sai" failures="0" tests="1" name="XmlFile.XmlFileCreation" time="14.649" errors="0" timestamp="06 Aug 2019 10:28:56 GMT" skipped="0">
  <testcase classname="XmlFile.XmlFileCreation" name="m1" time="14.649"/>
</testsuite> <!-- XmlFile.XmlFileCreation -->
