<?xml version="1.0" encoding="UTF-8"?>
<!-- Generated by org.testng.reporters.JUnitReportReporter -->
<testsuite hostname="sai" failures="0" tests="1" name="dropdown.Dropdown" time="37.021" errors="0" timestamp="19 Jul 2019 13:55:42 GMT" skipped="0">
  <testcase classname="dropdown.Dropdown" name="m1" time="37.021"/>
</testsuite> <!-- dropdown.Dropdown -->
