<?xml version="1.0" encoding="UTF-8"?>
<!-- Generated by org.testng.reporters.JUnitReportReporter -->
<testsuite hostname="sai" failures="0" tests="1" name="com.windowsHandle.Handle" time="47.982" errors="0" timestamp="07 Jul 2019 06:48:57 GMT" skipped="0">
  <testcase classname="com.windowsHandle.Handle" name="m1" time="47.982"/>
</testsuite> <!-- com.windowsHandle.Handle -->
