<?xml version="1.0" encoding="UTF-8"?>
<!-- Generated by org.testng.reporters.JUnitReportReporter -->
<testsuite hostname="sai" failures="0" tests="1" name="TestNgTesting.SecondTest" time="0.013" errors="0" timestamp="05 Aug 2019 07:28:26 GMT" skipped="0">
  <testcase classname="TestNgTesting.SecondTest" name="m2" time="0.013"/>
</testsuite> <!-- TestNgTesting.SecondTest -->
