<?xml version="1.0" encoding="UTF-8"?>
<!-- Generated by org.testng.reporters.JUnitReportReporter -->
<testsuite skipped="0" hostname="sai" name="com.Actions.keyup_keydown.Iframes" tests="1" failures="0" timestamp="17 Jun 2019 10:46:55 GMT" time="24.704" errors="0">
  <testcase name="m1" time="24.704" classname="com.Actions.keyup_keydown.Iframes"/>
</testsuite> <!-- com.Actions.keyup_keydown.Iframes -->
