<?xml version="1.0" encoding="UTF-8"?>
<!-- Generated by org.testng.reporters.JUnitReportReporter -->
<testsuite hostname="sai" failures="0" tests="2" name="FramesHandling" time="54.370" errors="0" timestamp="14 Aug 2019 10:13:16 GMT" skipped="0">
  <testcase classname="FramesHandling" name="m1" time="49.132"/>
  <testcase classname="FramesHandling" name="m2" time="5.238"/>
</testsuite> <!-- FramesHandling -->
