<?xml version="1.0" encoding="UTF-8"?>
<!-- Generated by org.testng.reporters.JUnitReportReporter -->
<testsuite hostname="sai" failures="0" tests="4" name="CrossBrowsingTesting.CrossBrowsing" time="44.545" errors="0" timestamp="24 Jul 2019 16:13:30 GMT" skipped="0">
  <testcase classname="CrossBrowsingTesting.CrossBrowsing" name="cross" time="17.429"/>
  <testcase classname="CrossBrowsingTesting.CrossBrowsing" name="cross" time="22.882"/>
  <testcase classname="CrossBrowsingTesting.CrossBrowsing" name="m2" time="1.427"/>
  <testcase classname="CrossBrowsingTesting.CrossBrowsing" name="m2" time="2.807"/>
</testsuite> <!-- CrossBrowsingTesting.CrossBrowsing -->
