<?xml version="1.0" encoding="UTF-8"?>
<!-- Generated by org.testng.reporters.JUnitReportReporter -->
<testsuite hostname="sai" failures="0" tests="1" name="Automate" time="20.198" errors="0" timestamp="14 Aug 2019 18:01:26 GMT" skipped="0">
  <testcase classname="Automate" name="m1" time="20.198"/>
</testsuite> <!-- Automate -->
