<?xml version="1.0" encoding="UTF-8"?>
<!-- Generated by org.testng.reporters.JUnitReportReporter -->
<testsuite hostname="sai" failures="0" tests="1" name="TestNgTesting.FirstTest" time="0.025" errors="0" timestamp="05 Aug 2019 07:27:56 GMT" skipped="0">
  <testcase classname="TestNgTesting.FirstTest" name="m1" time="0.025"/>
</testsuite> <!-- TestNgTesting.FirstTest -->
