<?xml version="1.0" encoding="UTF-8"?>
<!-- Generated by org.testng.reporters.JUnitReportReporter -->
<testsuite hostname="sai" failures="0" tests="1" name="ExcelFile.ExcelTakingData" time="0.000" errors="0" timestamp="05 Aug 2019 10:13:24 GMT" skipped="1">
  <testcase classname="ExcelFile.ExcelTakingData" name="m3" time="0.000">
    <skipped/>
  </testcase> <!-- m3 -->
</testsuite> <!-- ExcelFile.ExcelTakingData -->
