<?xml version="1.0" encoding="UTF-8"?>
<!-- Generated by org.testng.reporters.JUnitReportReporter -->
<testsuite hostname="sai" failures="0" tests="2" name="Frames" time="50.164" errors="0" timestamp="13 Aug 2019 17:09:33 GMT" skipped="0">
  <testcase classname="Frames" name="m1" time="49.060"/>
  <testcase classname="Frames" name="m2" time="1.104"/>
</testsuite> <!-- Frames -->
