<?xml version="1.0" encoding="UTF-8"?>
<!-- Generated by org.testng.reporters.JUnitReportReporter -->
<testsuite skipped="0" hostname="sai" name="snapdeal.com.Testclass" tests="1" failures="0" timestamp="03 Jun 2019 06:18:21 GMT" time="8.626" errors="0">
  <testcase name="m1" time="8.626" classname="snapdeal.com.Testclass"/>
</testsuite> <!-- snapdeal.com.Testclass -->
