<?xml version="1.0" encoding="UTF-8"?>
<!-- Generated by org.testng.reporters.JUnitReportReporter -->
<testsuite skipped="0" hostname="sai" name="GroupsDemo.GroupsDemo" tests="1" failures="0" timestamp="28 May 2019 10:04:06 GMT" time="3.476" errors="0">
  <testcase name="m2" time="3.476" classname="GroupsDemo.GroupsDemo"/>
</testsuite> <!-- GroupsDemo.GroupsDemo -->
