<?xml version="1.0" encoding="UTF-8"?>
<!-- Generated by org.testng.reporters.JUnitReportReporter -->
<testsuite skipped="1" hostname="sai" name="com.DataProvider.DataProviderExcel" tests="1" failures="0" timestamp="02 Jun 2019 11:21:10 GMT" time="0.000" errors="0">
  <testcase name="m2" time="0.000" classname="com.DataProvider.DataProviderExcel">
    <skipped/>
  </testcase> <!-- m2 -->
</testsuite> <!-- com.DataProvider.DataProviderExcel -->
