<?xml version="1.0" encoding="UTF-8"?>
<!-- Generated by org.testng.reporters.JUnitReportReporter -->
<testsuite hostname="sai" failures="0" tests="1" name="Calender.CalenderDemo" time="53.987" errors="0" timestamp="06 Aug 2019 16:22:27 GMT" skipped="0">
  <testcase classname="Calender.CalenderDemo" name="m1" time="53.987"/>
</testsuite> <!-- Calender.CalenderDemo -->
