<?xml version="1.0" encoding="UTF-8"?>
<!-- Generated by org.testng.reporters.JUnitReportReporter -->
<testsuite skipped="0" hostname="sai" name="com.amazon.in.amazonlogin" tests="1" failures="0" timestamp="20 May 2019 13:34:31 GMT" time="14.726" errors="0">
  <testcase name="prime_Videos" time="14.726" classname="com.amazon.in.amazonlogin"/>
</testsuite> <!-- com.amazon.in.amazonlogin -->
