<?xml version="1.0" encoding="UTF-8"?>
<!-- Generated by org.testng.reporters.JUnitReportReporter -->
<testsuite hostname="sai" failures="0" tests="1" name="Tables.TablesW3Schools" time="50.589" errors="0" timestamp="17 Jul 2019 09:44:52 GMT" skipped="0">
  <testcase classname="Tables.TablesW3Schools" name="m1" time="50.589"/>
</testsuite> <!-- Tables.TablesW3Schools -->
