<?xml version="1.0" encoding="UTF-8"?>
<!-- Generated by org.testng.reporters.JUnitReportReporter -->
<testsuite skipped="0" hostname="sai" name="com.parameters.Prameters" tests="1" failures="0" timestamp="28 May 2019 10:53:20 GMT" time="0.014" errors="0">
  <testcase name="m1" time="0.014" classname="com.parameters.Prameters"/>
</testsuite> <!-- com.parameters.Prameters -->
