<?xml version="1.0" encoding="UTF-8"?>
<!-- Generated by org.testng.reporters.JUnitReportReporter -->
<testsuite skipped="0" hostname="sai" name="testng.com.practise.TestingPaytmSite" tests="2" failures="0" timestamp="12 Jun 2019 12:20:40 GMT" time="22.261" errors="0">
  <testcase name="setUp" time="16.921" classname="testng.com.practise.TestingPaytmSite"/>
  <testcase name="clic_on_Events" time="5.340" classname="testng.com.practise.TestingPaytmSite"/>
</testsuite> <!-- testng.com.practise.TestingPaytmSite -->
