<?xml version="1.0" encoding="UTF-8"?>
<!-- Generated by org.testng.reporters.JUnitReportReporter -->
<testsuite hostname="sai" failures="0" tests="3" name="DataProvider1.DataProvider_1" time="0.019" errors="0" timestamp="24 Jul 2019 16:24:33 GMT" skipped="0">
  <testcase classname="DataProvider1.DataProvider_1" name="m2" time="0.001"/>
  <testcase classname="DataProvider1.DataProvider_1" name="m1" time="0.002"/>
  <testcase classname="DataProvider1.DataProvider_1" name="m2" time="0.016"/>
</testsuite> <!-- DataProvider1.DataProvider_1 -->
