<?xml version="1.0" encoding="UTF-8"?>
<!-- Generated by org.testng.reporters.JUnitReportReporter -->
<testsuite skipped="0" hostname="sai" name="dynamic.tables.TablesHandling" tests="1" failures="0" timestamp="06 Jun 2019 14:07:59 GMT" time="27.140" errors="0">
  <testcase name="m1" time="27.140" classname="dynamic.tables.TablesHandling"/>
</testsuite> <!-- dynamic.tables.TablesHandling -->
