<?xml version="1.0" encoding="UTF-8"?>
<!-- Generated by org.testng.reporters.JUnitReportReporter -->
<testsuite skipped="0" hostname="sai" name="com.practise.interview.PractiseSelenium" tests="3" failures="0" timestamp="25 Jun 2019 18:20:09 GMT" time="9.608" errors="0">
  <testcase name="source" time="5.204" classname="com.practise.interview.PractiseSelenium"/>
  <testcase name="operation" time="2.805" classname="com.practise.interview.PractiseSelenium"/>
  <testcase name="doit" time="1.599" classname="com.practise.interview.PractiseSelenium"/>
</testsuite> <!-- com.practise.interview.PractiseSelenium -->
