<?xml version="1.0" encoding="UTF-8"?>
<!-- Generated by org.testng.reporters.JUnitReportReporter -->
<testsuite skipped="0" hostname="sai" name="dynamic.tables.HandlingTables" tests="1" failures="0" timestamp="06 Jun 2019 15:06:50 GMT" time="15.492" errors="0">
  <testcase name="m1" time="15.492" classname="dynamic.tables.HandlingTables"/>
</testsuite> <!-- dynamic.tables.HandlingTables -->
